2021-03-26 16:41:10,235 : ERROR : main :  : WindowsDefenderExceptionHandler :  :  : PowerShell command powershell -inputformat none -outputformat text -NonInteractive -Command Get-MpComputerStatus -ErrorAction Stop | Select-Object -ExpandProperty AMServiceEnabled did not terminate successfully.
2021-03-26 16:41:10,235 : ERROR : main :  : WindowsDefenderExceptionHandler :  :  : Stderr is:
2021-03-26 16:41:10,235 : ERROR : main :  : WindowsDefenderExceptionHandler :  :  : Get-MpComputerStatus : The extrinsic Method could not be executed.
2021-03-26 16:41:10,235 : ERROR : main :  : WindowsDefenderExceptionHandler :  :  : At line:1 char:1
2021-03-26 16:41:10,235 : ERROR : main :  : WindowsDefenderExceptionHandler :  :  : + Get-MpComputerStatus -ErrorAction Stop | Select-Object -ExpandPropert ...
2021-03-26 16:41:10,235 : ERROR : main :  : WindowsDefenderExceptionHandler :  :  : + ~~~~~~~~~~~~~~~~~~~~~~~~~~~~~~~~~~~~~~
2021-03-26 16:41:10,235 : ERROR : main :  : WindowsDefenderExceptionHandler :  :  :     + CategoryInfo          : MetadataError: (MSFT_MpComputerStatus:ROOT\Microsoft\...pComputerStatus) [Get-MpComputer 
2021-03-26 16:41:10,235 : ERROR : main :  : WindowsDefenderExceptionHandler :  :  :    Status], CimException
2021-03-26 16:41:10,235 : ERROR : main :  : WindowsDefenderExceptionHandler :  :  :     + FullyQualifiedErrorId : MI RESULT 16,Get-MpComputerStatus
2021-03-26 16:41:10,235 : ERROR : main :  : WindowsDefenderExceptionHandler :  :  :  
2021-03-26 16:42:32,931 : WARN  : ModalContext :  : Node : Oracle Connector : 0:698:0:1 : Errors loading flow variables into node : Could not find the [Oracle] database driver.
2021-03-26 16:42:33,108 : WARN  : ModalContext :  : Node : DB Connector : 0:698:0:0:0:3 : Please select a database type.
2021-03-26 16:42:33,136 : WARN  : ModalContext :  : Node : Oracle Connector : 0:698:0:1 : Errors loading flow variables into node : Could not find the [Oracle] database driver.
2021-03-26 16:42:33,141 : WARN  : ModalContext :  : Node : DB Connector : 0:698:0:0:0:3 : Please select a database type.
2021-03-26 16:43:52,297 : ERROR : Clear OSGi configuration :  : InvokeUpdateAction :  :  : Could not clean OSGi configuration area: D:\KNIME\configuration\org.eclipse.osgi\337\0\.cp\os\win32\x86_64\localfile_1_0_0.dll
2021-03-26 16:44:11,224 : ERROR : main :  : WindowsDefenderExceptionHandler :  :  : PowerShell command powershell -inputformat none -outputformat text -NonInteractive -Command Get-MpComputerStatus -ErrorAction Stop | Select-Object -ExpandProperty AMServiceEnabled did not terminate successfully.
2021-03-26 16:44:11,227 : ERROR : main :  : WindowsDefenderExceptionHandler :  :  : Stderr is:
2021-03-26 16:44:11,227 : ERROR : main :  : WindowsDefenderExceptionHandler :  :  : Get-MpComputerStatus : The extrinsic Method could not be executed.
2021-03-26 16:44:11,227 : ERROR : main :  : WindowsDefenderExceptionHandler :  :  : At line:1 char:1
2021-03-26 16:44:11,227 : ERROR : main :  : WindowsDefenderExceptionHandler :  :  : + Get-MpComputerStatus -ErrorAction Stop | Select-Object -ExpandPropert ...
2021-03-26 16:44:11,227 : ERROR : main :  : WindowsDefenderExceptionHandler :  :  : + ~~~~~~~~~~~~~~~~~~~~~~~~~~~~~~~~~~~~~~
2021-03-26 16:44:11,227 : ERROR : main :  : WindowsDefenderExceptionHandler :  :  :     + CategoryInfo          : MetadataError: (MSFT_MpComputerStatus:ROOT\Microsoft\...pComputerStatus) [Get-MpComputer 
2021-03-26 16:44:11,227 : ERROR : main :  : WindowsDefenderExceptionHandler :  :  :    Status], CimException
2021-03-26 16:44:11,227 : ERROR : main :  : WindowsDefenderExceptionHandler :  :  :     + FullyQualifiedErrorId : MI RESULT 16,Get-MpComputerStatus
2021-03-26 16:44:11,227 : ERROR : main :  : WindowsDefenderExceptionHandler :  :  :  
2021-03-26 16:46:40,079 : WARN  : ModalContext :  : Node : Oracle Connector : 0:698:0:1 : Errors loading flow variables into node : Could not find the [Oracle] database driver.
2021-03-26 16:46:40,208 : WARN  : ModalContext :  : Node : DB Connector : 0:698:0:0:0:3 : Please select a database type.
2021-03-26 16:46:40,233 : WARN  : ModalContext :  : Node : Oracle Connector : 0:698:0:1 : Errors loading flow variables into node : Could not find the [Oracle] database driver.
2021-03-26 16:46:40,237 : WARN  : ModalContext :  : Node : DB Connector : 0:698:0:0:0:3 : Please select a database type.
